2014/12/08 03:40:32 [error] [exception.CException] exception 'CException' with message 'Alias "user.UserModule" is invalid. Make sure it points to an existing PHP file and the file is readable.' in /var/www/Yii/framework/YiiBase.php:322
Stack trace:
#0 /var/www/Yii/framework/YiiBase.php(196): YiiBase::import('user.UserModule', true)
#1 /var/www/Yii/framework/base/CModule.php(282): YiiBase::createComponent('user.UserModule', 'user', NULL, Array)
#2 /var/www/Kulibin/protected/views/layouts/main.php(35): CModule->getModule('user')
#3 /var/www/Yii/framework/web/CBaseController.php(126): require('/var/www/Kulibi...')
#4 /var/www/Yii/framework/web/CBaseController.php(95): CBaseController->renderInternal('/var/www/Kulibi...', Array, true)
#5 /var/www/Yii/framework/web/widgets/CContentDecorator.php(76): CBaseController->renderFile('/var/www/Kulibi...', Array, true)
#6 /var/www/Yii/framework/web/widgets/CContentDecorator.php(54): CContentDecorator->decorate('<div id="conten...')
#7 /var/www/Yii/framework/web/widgets/COutputProcessor.php(44): CContentDecorator->processOutput('<div id="conten...')
#8 /var/www/Yii/framework/web/CBaseController.php(206): COutputProcessor->run()
#9 /var/www/Yii/framework/web/CBaseController.php(300): CBaseController->endWidget('CContentDecorat...')
#10 /var/www/Kulibin/protected/views/layouts/column1.php(6): CBaseController->endContent()
#11 /var/www/Yii/framework/web/CBaseController.php(126): require('/var/www/Kulibi...')
#12 /var/www/Yii/framework/web/CBaseController.php(95): CBaseController->renderInternal('/var/www/Kulibi...', Array, true)
#13 /var/www/Yii/framework/web/CController.php(784): CBaseController->renderFile('/var/www/Kulibi...', Array, true)
#14 /var/www/Kulibin/protected/controllers/SiteController.php(32): CController->render('index')
#15 /var/www/Yii/framework/web/actions/CInlineAction.php(49): SiteController->actionIndex()
#16 /var/www/Yii/framework/web/CController.php(308): CInlineAction->runWithParams(Array)
#17 /var/www/Yii/framework/web/CController.php(286): CController->runAction(Object(CInlineAction))
#18 /var/www/Yii/framework/web/CController.php(265): CController->runActionWithFilters(Object(CInlineAction), Array)
#19 /var/www/Yii/framework/web/CWebApplication.php(282): CController->run('')
#20 /var/www/Yii/framework/web/CWebApplication.php(141): CWebApplication->runController('')
#21 /var/www/Yii/framework/base/CApplication.php(180): CWebApplication->processRequest()
#22 /var/www/Kulibin/index.php(13): CApplication->run()
#23 {main}
REQUEST_URI=/Kulibin/index.php
---
2014/12/08 03:40:32 [error] [exception.CException] exception 'CException' with message 'Alias "user.UserModule" is invalid. Make sure it points to an existing PHP file and the file is readable.' in /var/www/Yii/framework/YiiBase.php:322
Stack trace:
#0 /var/www/Yii/framework/YiiBase.php(196): YiiBase::import('user.UserModule', true)
#1 /var/www/Yii/framework/base/CModule.php(282): YiiBase::createComponent('user.UserModule', 'user', NULL, Array)
#2 /var/www/Kulibin/protected/views/layouts/main.php(35): CModule->getModule('user')
#3 /var/www/Yii/framework/web/CBaseController.php(126): require('/var/www/Kulibi...')
#4 /var/www/Yii/framework/web/CBaseController.php(95): CBaseController->renderInternal('/var/www/Kulibi...', Array, true)
#5 /var/www/Yii/framework/web/widgets/CContentDecorator.php(76): CBaseController->renderFile('/var/www/Kulibi...', Array, true)
#6 /var/www/Yii/framework/web/widgets/CContentDecorator.php(54): CContentDecorator->decorate('<div id="conten...')
#7 /var/www/Yii/framework/web/widgets/COutputProcessor.php(44): CContentDecorator->processOutput('<div id="conten...')
#8 /var/www/Yii/framework/web/CBaseController.php(206): COutputProcessor->run()
#9 /var/www/Yii/framework/web/CBaseController.php(300): CBaseController->endWidget('CContentDecorat...')
#10 /var/www/Kulibin/protected/views/layouts/column1.php(6): CBaseController->endContent()
#11 /var/www/Yii/framework/web/CBaseController.php(126): require('/var/www/Kulibi...')
#12 /var/www/Yii/framework/web/CBaseController.php(95): CBaseController->renderInternal('/var/www/Kulibi...', Array, true)
#13 /var/www/Yii/framework/web/CController.php(784): CBaseController->renderFile('/var/www/Kulibi...', Array, true)
#14 /var/www/Kulibin/protected/controllers/SiteController.php(32): CController->render('index')
#15 /var/www/Yii/framework/web/actions/CInlineAction.php(49): SiteController->actionIndex()
#16 /var/www/Yii/framework/web/CController.php(308): CInlineAction->runWithParams(Array)
#17 /var/www/Yii/framework/web/CController.php(286): CController->runAction(Object(CInlineAction))
#18 /var/www/Yii/framework/web/CController.php(265): CController->runActionWithFilters(Object(CInlineAction), Array)
#19 /var/www/Yii/framework/web/CWebApplication.php(282): CController->run('')
#20 /var/www/Yii/framework/web/CWebApplication.php(141): CWebApplication->runController('')
#21 /var/www/Yii/framework/base/CApplication.php(180): CWebApplication->processRequest()
#22 /var/www/Kulibin/index.php(13): CApplication->run()
#23 {main}
REQUEST_URI=/Kulibin/index.php
---
2014/12/08 03:40:32 [error] [exception.CException] exception 'CException' with message 'Alias "user.UserModule" is invalid. Make sure it points to an existing PHP file and the file is readable.' in /var/www/Yii/framework/YiiBase.php:322
Stack trace:
#0 /var/www/Yii/framework/YiiBase.php(196): YiiBase::import('user.UserModule', true)
#1 /var/www/Yii/framework/base/CModule.php(282): YiiBase::createComponent('user.UserModule', 'user', NULL, Array)
#2 /var/www/Kulibin/protected/views/layouts/main.php(35): CModule->getModule('user')
#3 /var/www/Yii/framework/web/CBaseController.php(126): require('/var/www/Kulibi...')
#4 /var/www/Yii/framework/web/CBaseController.php(95): CBaseController->renderInternal('/var/www/Kulibi...', Array, true)
#5 /var/www/Yii/framework/web/widgets/CContentDecorator.php(76): CBaseController->renderFile('/var/www/Kulibi...', Array, true)
#6 /var/www/Yii/framework/web/widgets/CContentDecorator.php(54): CContentDecorator->decorate('<div id="conten...')
#7 /var/www/Yii/framework/web/widgets/COutputProcessor.php(44): CContentDecorator->processOutput('<div id="conten...')
#8 /var/www/Yii/framework/web/CBaseController.php(206): COutputProcessor->run()
#9 /var/www/Yii/framework/web/CBaseController.php(300): CBaseController->endWidget('CContentDecorat...')
#10 /var/www/Kulibin/protected/views/layouts/column1.php(6): CBaseController->endContent()
#11 /var/www/Yii/framework/web/CBaseController.php(126): require('/var/www/Kulibi...')
#12 /var/www/Yii/framework/web/CBaseController.php(95): CBaseController->renderInternal('/var/www/Kulibi...', Array, true)
#13 /var/www/Yii/framework/web/CController.php(784): CBaseController->renderFile('/var/www/Kulibi...', Array, true)
#14 /var/www/Kulibin/protected/controllers/SiteController.php(32): CController->render('index')
#15 /var/www/Yii/framework/web/actions/CInlineAction.php(49): SiteController->actionIndex()
#16 /var/www/Yii/framework/web/CController.php(308): CInlineAction->runWithParams(Array)
#17 /var/www/Yii/framework/web/CController.php(286): CController->runAction(Object(CInlineAction))
#18 /var/www/Yii/framework/web/CController.php(265): CController->runActionWithFilters(Object(CInlineAction), Array)
#19 /var/www/Yii/framework/web/CWebApplication.php(282): CController->run('')
#20 /var/www/Yii/framework/web/CWebApplication.php(141): CWebApplication->runController('')
#21 /var/www/Yii/framework/base/CApplication.php(180): CWebApplication->processRequest()
#22 /var/www/Kulibin/index.php(13): CApplication->run()
#23 {main}
REQUEST_URI=/Kulibin/index.php
---
2014/12/08 03:40:32 [error] [exception.CException] exception 'CException' with message 'Alias "user.UserModule" is invalid. Make sure it points to an existing PHP file and the file is readable.' in /var/www/Yii/framework/YiiBase.php:322
Stack trace:
#0 /var/www/Yii/framework/YiiBase.php(196): YiiBase::import('user.UserModule', true)
#1 /var/www/Yii/framework/base/CModule.php(282): YiiBase::createComponent('user.UserModule', 'user', NULL, Array)
#2 /var/www/Kulibin/protected/views/layouts/main.php(35): CModule->getModule('user')
#3 /var/www/Yii/framework/web/CBaseController.php(126): require('/var/www/Kulibi...')
#4 /var/www/Yii/framework/web/CBaseController.php(95): CBaseController->renderInternal('/var/www/Kulibi...', Array, true)
#5 /var/www/Yii/framework/web/widgets/CContentDecorator.php(76): CBaseController->renderFile('/var/www/Kulibi...', Array, true)
#6 /var/www/Yii/framework/web/widgets/CContentDecorator.php(54): CContentDecorator->decorate('<div id="conten...')
#7 /var/www/Yii/framework/web/widgets/COutputProcessor.php(44): CContentDecorator->processOutput('<div id="conten...')
#8 /var/www/Yii/framework/web/CBaseController.php(206): COutputProcessor->run()
#9 /var/www/Yii/framework/web/CBaseController.php(300): CBaseController->endWidget('CContentDecorat...')
#10 /var/www/Kulibin/protected/views/layouts/column1.php(6): CBaseController->endContent()
#11 /var/www/Yii/framework/web/CBaseController.php(126): require('/var/www/Kulibi...')
#12 /var/www/Yii/framework/web/CBaseController.php(95): CBaseController->renderInternal('/var/www/Kulibi...', Array, true)
#13 /var/www/Yii/framework/web/CController.php(784): CBaseController->renderFile('/var/www/Kulibi...', Array, true)
#14 /var/www/Kulibin/protected/controllers/SiteController.php(32): CController->render('index')
#15 /var/www/Yii/framework/web/actions/CInlineAction.php(49): SiteController->actionIndex()
#16 /var/www/Yii/framework/web/CController.php(308): CInlineAction->runWithParams(Array)
#17 /var/www/Yii/framework/web/CController.php(286): CController->runAction(Object(CInlineAction))
#18 /var/www/Yii/framework/web/CController.php(265): CController->runActionWithFilters(Object(CInlineAction), Array)
#19 /var/www/Yii/framework/web/CWebApplication.php(282): CController->run('')
#20 /var/www/Yii/framework/web/CWebApplication.php(141): CWebApplication->runController('')
#21 /var/www/Yii/framework/base/CApplication.php(180): CWebApplication->processRequest()
#22 /var/www/Kulibin/index.php(13): CApplication->run()
#23 {main}
REQUEST_URI=/Kulibin/index.php
---
2014/12/08 03:46:37 [error] [exception.CException] exception 'CException' with message 'Alias "user.UserModule" is invalid. Make sure it points to an existing PHP file and the file is readable.' in /var/www/Yii/framework/YiiBase.php:322
Stack trace:
#0 /var/www/Yii/framework/YiiBase.php(196): YiiBase::import('user.UserModule', true)
#1 /var/www/Yii/framework/base/CModule.php(282): YiiBase::createComponent('user.UserModule', 'user', NULL, Array)
#2 /var/www/Kulibin/protected/views/layouts/main.php(35): CModule->getModule('user')
#3 /var/www/Yii/framework/web/CBaseController.php(126): require('/var/www/Kulibi...')
#4 /var/www/Yii/framework/web/CBaseController.php(95): CBaseController->renderInternal('/var/www/Kulibi...', Array, true)
#5 /var/www/Yii/framework/web/widgets/CContentDecorator.php(76): CBaseController->renderFile('/var/www/Kulibi...', Array, true)
#6 /var/www/Yii/framework/web/widgets/CContentDecorator.php(54): CContentDecorator->decorate('<div id="conten...')
#7 /var/www/Yii/framework/web/widgets/COutputProcessor.php(44): CContentDecorator->processOutput('<div id="conten...')
#8 /var/www/Yii/framework/web/CBaseController.php(206): COutputProcessor->run()
#9 /var/www/Yii/framework/web/CBaseController.php(300): CBaseController->endWidget('CContentDecorat...')
#10 /var/www/Kulibin/protected/views/layouts/column1.php(6): CBaseController->endContent()
#11 /var/www/Yii/framework/web/CBaseController.php(126): require('/var/www/Kulibi...')
#12 /var/www/Yii/framework/web/CBaseController.php(95): CBaseController->renderInternal('/var/www/Kulibi...', Array, true)
#13 /var/www/Yii/framework/web/CController.php(784): CBaseController->renderFile('/var/www/Kulibi...', Array, true)
#14 /var/www/Kulibin/protected/controllers/SiteController.php(32): CController->render('index')
#15 /var/www/Yii/framework/web/actions/CInlineAction.php(49): SiteController->actionIndex()
#16 /var/www/Yii/framework/web/CController.php(308): CInlineAction->runWithParams(Array)
#17 /var/www/Yii/framework/web/CController.php(286): CController->runAction(Object(CInlineAction))
#18 /var/www/Yii/framework/web/CController.php(265): CController->runActionWithFilters(Object(CInlineAction), Array)
#19 /var/www/Yii/framework/web/CWebApplication.php(282): CController->run('')
#20 /var/www/Yii/framework/web/CWebApplication.php(141): CWebApplication->runController('')
#21 /var/www/Yii/framework/base/CApplication.php(180): CWebApplication->processRequest()
#22 /var/www/Kulibin/index.php(13): CApplication->run()
#23 {main}
REQUEST_URI=/Kulibin/index.php
---
2014/12/08 03:47:20 [error] [exception.CException] exception 'CException' with message 'Alias "user.UserModule" is invalid. Make sure it points to an existing PHP file and the file is readable.' in /var/www/Yii/framework/YiiBase.php:322
Stack trace:
#0 /var/www/Yii/framework/YiiBase.php(196): YiiBase::import('user.UserModule', true)
#1 /var/www/Yii/framework/base/CModule.php(282): YiiBase::createComponent('user.UserModule', 'user', NULL, Array)
#2 /var/www/Kulibin/protected/views/layouts/main.php(35): CModule->getModule('user')
#3 /var/www/Yii/framework/web/CBaseController.php(126): require('/var/www/Kulibi...')
#4 /var/www/Yii/framework/web/CBaseController.php(95): CBaseController->renderInternal('/var/www/Kulibi...', Array, true)
#5 /var/www/Yii/framework/web/widgets/CContentDecorator.php(76): CBaseController->renderFile('/var/www/Kulibi...', Array, true)
#6 /var/www/Yii/framework/web/widgets/CContentDecorator.php(54): CContentDecorator->decorate('<div id="conten...')
#7 /var/www/Yii/framework/web/widgets/COutputProcessor.php(44): CContentDecorator->processOutput('<div id="conten...')
#8 /var/www/Yii/framework/web/CBaseController.php(206): COutputProcessor->run()
#9 /var/www/Yii/framework/web/CBaseController.php(300): CBaseController->endWidget('CContentDecorat...')
#10 /var/www/Kulibin/protected/views/layouts/column1.php(6): CBaseController->endContent()
#11 /var/www/Yii/framework/web/CBaseController.php(126): require('/var/www/Kulibi...')
#12 /var/www/Yii/framework/web/CBaseController.php(95): CBaseController->renderInternal('/var/www/Kulibi...', Array, true)
#13 /var/www/Yii/framework/web/CController.php(784): CBaseController->renderFile('/var/www/Kulibi...', Array, true)
#14 /var/www/Kulibin/protected/controllers/SiteController.php(32): CController->render('index')
#15 /var/www/Yii/framework/web/actions/CInlineAction.php(49): SiteController->actionIndex()
#16 /var/www/Yii/framework/web/CController.php(308): CInlineAction->runWithParams(Array)
#17 /var/www/Yii/framework/web/CController.php(286): CController->runAction(Object(CInlineAction))
#18 /var/www/Yii/framework/web/CController.php(265): CController->runActionWithFilters(Object(CInlineAction), Array)
#19 /var/www/Yii/framework/web/CWebApplication.php(282): CController->run('')
#20 /var/www/Yii/framework/web/CWebApplication.php(141): CWebApplication->runController('')
#21 /var/www/Yii/framework/base/CApplication.php(180): CWebApplication->processRequest()
#22 /var/www/Kulibin/index.php(13): CApplication->run()
#23 {main}
REQUEST_URI=/Kulibin/index.php
---
2014/12/08 03:49:14 [error] [exception.CException] exception 'CException' with message 'Alias "user.UserModule" is invalid. Make sure it points to an existing PHP file and the file is readable.' in /var/www/Yii/framework/YiiBase.php:322
Stack trace:
#0 /var/www/Yii/framework/YiiBase.php(196): YiiBase::import('user.UserModule', true)
#1 /var/www/Yii/framework/base/CModule.php(282): YiiBase::createComponent('user.UserModule', 'user', NULL, Array)
#2 /var/www/Kulibin/protected/views/layouts/main.php(35): CModule->getModule('user')
#3 /var/www/Yii/framework/web/CBaseController.php(126): require('/var/www/Kulibi...')
#4 /var/www/Yii/framework/web/CBaseController.php(95): CBaseController->renderInternal('/var/www/Kulibi...', Array, true)
#5 /var/www/Yii/framework/web/widgets/CContentDecorator.php(76): CBaseController->renderFile('/var/www/Kulibi...', Array, true)
#6 /var/www/Yii/framework/web/widgets/CContentDecorator.php(54): CContentDecorator->decorate('<div id="conten...')
#7 /var/www/Yii/framework/web/widgets/COutputProcessor.php(44): CContentDecorator->processOutput('<div id="conten...')
#8 /var/www/Yii/framework/web/CBaseController.php(206): COutputProcessor->run()
#9 /var/www/Yii/framework/web/CBaseController.php(300): CBaseController->endWidget('CContentDecorat...')
#10 /var/www/Kulibin/protected/views/layouts/column1.php(6): CBaseController->endContent()
#11 /var/www/Yii/framework/web/CBaseController.php(126): require('/var/www/Kulibi...')
#12 /var/www/Yii/framework/web/CBaseController.php(95): CBaseController->renderInternal('/var/www/Kulibi...', Array, true)
#13 /var/www/Yii/framework/web/CController.php(784): CBaseController->renderFile('/var/www/Kulibi...', Array, true)
#14 /var/www/Kulibin/protected/controllers/SiteController.php(32): CController->render('index')
#15 /var/www/Yii/framework/web/actions/CInlineAction.php(49): SiteController->actionIndex()
#16 /var/www/Yii/framework/web/CController.php(308): CInlineAction->runWithParams(Array)
#17 /var/www/Yii/framework/web/CController.php(286): CController->runAction(Object(CInlineAction))
#18 /var/www/Yii/framework/web/CController.php(265): CController->runActionWithFilters(Object(CInlineAction), Array)
#19 /var/www/Yii/framework/web/CWebApplication.php(282): CController->run('')
#20 /var/www/Yii/framework/web/CWebApplication.php(141): CWebApplication->runController('')
#21 /var/www/Yii/framework/base/CApplication.php(180): CWebApplication->processRequest()
#22 /var/www/Kulibin/index.php(13): CApplication->run()
#23 {main}
REQUEST_URI=/Kulibin/index.php
---
2014/12/08 04:09:52 [error] [exception.CException] exception 'CException' with message 'Alias "user.UserModule" is invalid. Make sure it points to an existing PHP file and the file is readable.' in /var/www/Yii/framework/YiiBase.php:322
Stack trace:
#0 /var/www/Yii/framework/YiiBase.php(196): YiiBase::import('user.UserModule', true)
#1 /var/www/Yii/framework/base/CModule.php(282): YiiBase::createComponent('user.UserModule', 'user', NULL, Array)
#2 /var/www/Kulibin/protected/views/layouts/main.php(35): CModule->getModule('user')
#3 /var/www/Yii/framework/web/CBaseController.php(126): require('/var/www/Kulibi...')
#4 /var/www/Yii/framework/web/CBaseController.php(95): CBaseController->renderInternal('/var/www/Kulibi...', Array, true)
#5 /var/www/Yii/framework/web/widgets/CContentDecorator.php(76): CBaseController->renderFile('/var/www/Kulibi...', Array, true)
#6 /var/www/Yii/framework/web/widgets/CContentDecorator.php(54): CContentDecorator->decorate('<div id="conten...')
#7 /var/www/Yii/framework/web/widgets/COutputProcessor.php(44): CContentDecorator->processOutput('<div id="conten...')
#8 /var/www/Yii/framework/web/CBaseController.php(206): COutputProcessor->run()
#9 /var/www/Yii/framework/web/CBaseController.php(300): CBaseController->endWidget('CContentDecorat...')
#10 /var/www/Kulibin/protected/views/layouts/column1.php(6): CBaseController->endContent()
#11 /var/www/Yii/framework/web/CBaseController.php(126): require('/var/www/Kulibi...')
#12 /var/www/Yii/framework/web/CBaseController.php(95): CBaseController->renderInternal('/var/www/Kulibi...', Array, true)
#13 /var/www/Yii/framework/web/CController.php(784): CBaseController->renderFile('/var/www/Kulibi...', Array, true)
#14 /var/www/Kulibin/protected/controllers/SiteController.php(32): CController->render('index')
#15 /var/www/Yii/framework/web/actions/CInlineAction.php(49): SiteController->actionIndex()
#16 /var/www/Yii/framework/web/CController.php(308): CInlineAction->runWithParams(Array)
#17 /var/www/Yii/framework/web/CController.php(286): CController->runAction(Object(CInlineAction))
#18 /var/www/Yii/framework/web/CController.php(265): CController->runActionWithFilters(Object(CInlineAction), Array)
#19 /var/www/Yii/framework/web/CWebApplication.php(282): CController->run('')
#20 /var/www/Yii/framework/web/CWebApplication.php(141): CWebApplication->runController('')
#21 /var/www/Yii/framework/base/CApplication.php(180): CWebApplication->processRequest()
#22 /var/www/Kulibin/index.php(13): CApplication->run()
#23 {main}
REQUEST_URI=/Kulibin/index.php
---
2014/12/08 04:10:10 [error] [exception.CException] exception 'CException' with message 'Alias "user.UserModule" is invalid. Make sure it points to an existing PHP file and the file is readable.' in /var/www/Yii/framework/YiiBase.php:322
Stack trace:
#0 /var/www/Yii/framework/YiiBase.php(196): YiiBase::import('user.UserModule', true)
#1 /var/www/Yii/framework/base/CModule.php(282): YiiBase::createComponent('user.UserModule', 'user', NULL, Array)
#2 /var/www/Kulibin/protected/views/layouts/main.php(35): CModule->getModule('user')
#3 /var/www/Yii/framework/web/CBaseController.php(126): require('/var/www/Kulibi...')
#4 /var/www/Yii/framework/web/CBaseController.php(95): CBaseController->renderInternal('/var/www/Kulibi...', Array, true)
#5 /var/www/Yii/framework/web/widgets/CContentDecorator.php(76): CBaseController->renderFile('/var/www/Kulibi...', Array, true)
#6 /var/www/Yii/framework/web/widgets/CContentDecorator.php(54): CContentDecorator->decorate('<div id="conten...')
#7 /var/www/Yii/framework/web/widgets/COutputProcessor.php(44): CContentDecorator->processOutput('<div id="conten...')
#8 /var/www/Yii/framework/web/CBaseController.php(206): COutputProcessor->run()
#9 /var/www/Yii/framework/web/CBaseController.php(300): CBaseController->endWidget('CContentDecorat...')
#10 /var/www/Kulibin/protected/views/layouts/column1.php(6): CBaseController->endContent()
#11 /var/www/Yii/framework/web/CBaseController.php(126): require('/var/www/Kulibi...')
#12 /var/www/Yii/framework/web/CBaseController.php(95): CBaseController->renderInternal('/var/www/Kulibi...', Array, true)
#13 /var/www/Yii/framework/web/CController.php(784): CBaseController->renderFile('/var/www/Kulibi...', Array, true)
#14 /var/www/Kulibin/protected/controllers/SiteController.php(32): CController->render('index')
#15 /var/www/Yii/framework/web/actions/CInlineAction.php(49): SiteController->actionIndex()
#16 /var/www/Yii/framework/web/CController.php(308): CInlineAction->runWithParams(Array)
#17 /var/www/Yii/framework/web/CController.php(286): CController->runAction(Object(CInlineAction))
#18 /var/www/Yii/framework/web/CController.php(265): CController->runActionWithFilters(Object(CInlineAction), Array)
#19 /var/www/Yii/framework/web/CWebApplication.php(282): CController->run('')
#20 /var/www/Yii/framework/web/CWebApplication.php(141): CWebApplication->runController('')
#21 /var/www/Yii/framework/base/CApplication.php(180): CWebApplication->processRequest()
#22 /var/www/Kulibin/index.php(13): CApplication->run()
#23 {main}
REQUEST_URI=/Kulibin/index.php
---
2014/12/08 04:11:39 [error] [php] include(WebUser.php): failed to open stream: No such file or directory (/var/www/Yii/framework/YiiBase.php:427)
Stack trace:
#0 /var/www/Yii/framework/YiiBase.php(196): import()
#1 /var/www/Yii/framework/base/CModule.php(386): createComponent()
#2 /var/www/Yii/framework/base/CModule.php(103): CWebApplication->getComponent()
#3 /var/www/Kulibin/protected/views/layouts/main.php(35): CWebApplication->__get()
#4 /var/www/Yii/framework/web/CBaseController.php(126): require()
#5 /var/www/Yii/framework/web/CBaseController.php(95): SiteController->renderInternal()
#6 /var/www/Yii/framework/web/widgets/CContentDecorator.php(76): SiteController->renderFile()
#7 /var/www/Yii/framework/web/widgets/CContentDecorator.php(54): CContentDecorator->decorate()
#8 /var/www/Yii/framework/web/widgets/COutputProcessor.php(44): CContentDecorator->processOutput()
#9 /var/www/Yii/framework/web/CBaseController.php(206): CContentDecorator->run()
#10 /var/www/Yii/framework/web/CBaseController.php(300): SiteController->endWidget()
#11 /var/www/Kulibin/protected/views/layouts/column1.php(6): SiteController->endContent()
#12 /var/www/Yii/framework/web/CBaseController.php(126): require()
#13 /var/www/Yii/framework/web/CBaseController.php(95): SiteController->renderInternal()
#14 /var/www/Yii/framework/web/CController.php(784): SiteController->renderFile()
#15 /var/www/Kulibin/protected/controllers/SiteController.php(32): SiteController->render()
#16 /var/www/Yii/framework/web/actions/CInlineAction.php(49): SiteController->actionIndex()
#17 /var/www/Yii/framework/web/CController.php(308): CInlineAction->runWithParams()
#18 /var/www/Yii/framework/web/CController.php(286): SiteController->runAction()
#19 /var/www/Yii/framework/web/CController.php(265): SiteController->runActionWithFilters()
#20 /var/www/Yii/framework/web/CWebApplication.php(282): SiteController->run()
#21 /var/www/Yii/framework/web/CWebApplication.php(141): CWebApplication->runController()
#22 /var/www/Yii/framework/base/CApplication.php(180): CWebApplication->processRequest()
#23 /var/www/Kulibin/index.php(13): CWebApplication->run()
REQUEST_URI=/Kulibin/index.php
in /var/www/Kulibin/protected/views/layouts/main.php (35)
in /var/www/Kulibin/protected/views/layouts/column1.php (6)
in /var/www/Kulibin/protected/controllers/SiteController.php (32)
2014/12/08 04:12:17 [error] [exception.CDbException] exception 'CDbException' with message 'CDbConnection failed to open the DB connection: could not find driver' in /var/www/Yii/framework/db/CDbConnection.php:382
Stack trace:
#0 /var/www/Yii/framework/db/CDbConnection.php(330): CDbConnection->open()
#1 /var/www/Yii/framework/db/CDbConnection.php(308): CDbConnection->setActive(true)
#2 /var/www/Yii/framework/base/CModule.php(387): CDbConnection->init()
#3 /var/www/Yii/framework/base/CApplication.php(450): CModule->getComponent('db')
#4 /var/www/Yii/framework/db/ar/CActiveRecord.php(634): CApplication->getDb()
#5 /var/www/Yii/framework/db/ar/CActiveRecord.php(2361): CActiveRecord->getDbConnection()
#6 /var/www/Yii/framework/db/ar/CActiveRecord.php(411): CActiveRecordMetaData->__construct(Object(RegistrationForm))
#7 /var/www/Yii/framework/db/ar/CActiveRecord.php(79): CActiveRecord->getMetaData()
#8 /var/www/Kulibin/protected/modules/user/controllers/RegistrationController.php(25): CActiveRecord->__construct()
#9 /var/www/Yii/framework/web/actions/CInlineAction.php(49): RegistrationController->actionRegistration()
#10 /var/www/Yii/framework/web/CController.php(308): CInlineAction->runWithParams(Array)
#11 /var/www/Yii/framework/web/CController.php(286): CController->runAction(Object(CInlineAction))
#12 /var/www/Yii/framework/web/CController.php(265): CController->runActionWithFilters(Object(CInlineAction), Array)
#13 /var/www/Yii/framework/web/CWebApplication.php(282): CController->run('')
#14 /var/www/Yii/framework/web/CWebApplication.php(141): CWebApplication->runController('user/registrati...')
#15 /var/www/Yii/framework/base/CApplication.php(180): CWebApplication->processRequest()
#16 /var/www/Kulibin/index.php(13): CApplication->run()
#17 {main}
REQUEST_URI=/Kulibin/index.php/user/registration
HTTP_REFERER=http://localhost/Kulibin/index.php/user/login
---
2014/12/08 04:16:01 [error] [exception.CDbException] exception 'CDbException' with message 'CDbConnection failed to open the DB connection: could not find driver' in /var/www/Yii/framework/db/CDbConnection.php:382
Stack trace:
#0 /var/www/Yii/framework/db/CDbConnection.php(330): CDbConnection->open()
#1 /var/www/Yii/framework/db/CDbConnection.php(308): CDbConnection->setActive(true)
#2 /var/www/Yii/framework/base/CModule.php(387): CDbConnection->init()
#3 /var/www/Yii/framework/base/CApplication.php(450): CModule->getComponent('db')
#4 /var/www/Yii/framework/db/ar/CActiveRecord.php(634): CApplication->getDb()
#5 /var/www/Yii/framework/db/ar/CActiveRecord.php(2361): CActiveRecord->getDbConnection()
#6 /var/www/Yii/framework/db/ar/CActiveRecord.php(411): CActiveRecordMetaData->__construct(Object(User))
#7 /var/www/Yii/framework/db/ar/CActiveRecord.php(212): CActiveRecord->getMetaData()
#8 /var/www/Kulibin/protected/modules/user/components/UserIdentity.php(27): CActiveRecord->__call('notsafe', Array)
#9 /var/www/Kulibin/protected/modules/user/components/UserIdentity.php(27): User->notsafe()
#10 /var/www/Kulibin/protected/modules/user/models/UserLogin.php(52): UserIdentity->authenticate()
#11 /var/www/Yii/framework/validators/CInlineValidator.php(42): UserLogin->authenticate('password', Array)
#12 /var/www/Yii/framework/validators/CValidator.php(213): CInlineValidator->validateAttribute(Object(UserLogin), 'password')
#13 /var/www/Yii/framework/base/CModel.php(159): CValidator->validate(Object(UserLogin), NULL)
#14 /var/www/Kulibin/protected/modules/user/controllers/LoginController.php(19): CModel->validate()
#15 /var/www/Yii/framework/web/actions/CInlineAction.php(49): LoginController->actionLogin()
#16 /var/www/Yii/framework/web/CController.php(308): CInlineAction->runWithParams(Array)
#17 /var/www/Yii/framework/web/CController.php(286): CController->runAction(Object(CInlineAction))
#18 /var/www/Yii/framework/web/CController.php(265): CController->runActionWithFilters(Object(CInlineAction), Array)
#19 /var/www/Yii/framework/web/CWebApplication.php(282): CController->run('')
#20 /var/www/Yii/framework/web/CWebApplication.php(141): CWebApplication->runController('user/login')
#21 /var/www/Yii/framework/base/CApplication.php(180): CWebApplication->processRequest()
#22 /var/www/Kulibin/index.php(13): CApplication->run()
#23 {main}
REQUEST_URI=/Kulibin/index.php/user/login
HTTP_REFERER=http://localhost/Kulibin/index.php/user/login
---
2014/12/08 04:17:05 [error] [system.db.CDbCommand] CDbCommand::fetchAll() failed: SQLSTATE[42S02]: Base table or view not found: 1146 Table 'Kulibin.{{users}}' doesn't exist. The SQL statement executed was: SHOW FULL COLUMNS FROM `{{users}}`.
in /var/www/Kulibin/protected/modules/user/components/UserIdentity.php (27)
in /var/www/Kulibin/protected/modules/user/components/UserIdentity.php (27)
in /var/www/Kulibin/protected/modules/user/models/UserLogin.php (52)
2014/12/08 04:17:05 [error] [exception.CDbException] exception 'CDbException' with message 'The table "{{users}}" for active record class "User" cannot be found in the database.' in /var/www/Yii/framework/db/ar/CActiveRecord.php:2362
Stack trace:
#0 /var/www/Yii/framework/db/ar/CActiveRecord.php(411): CActiveRecordMetaData->__construct(Object(User))
#1 /var/www/Yii/framework/db/ar/CActiveRecord.php(212): CActiveRecord->getMetaData()
#2 /var/www/Kulibin/protected/modules/user/components/UserIdentity.php(27): CActiveRecord->__call('notsafe', Array)
#3 /var/www/Kulibin/protected/modules/user/components/UserIdentity.php(27): User->notsafe()
#4 /var/www/Kulibin/protected/modules/user/models/UserLogin.php(52): UserIdentity->authenticate()
#5 /var/www/Yii/framework/validators/CInlineValidator.php(42): UserLogin->authenticate('password', Array)
#6 /var/www/Yii/framework/validators/CValidator.php(213): CInlineValidator->validateAttribute(Object(UserLogin), 'password')
#7 /var/www/Yii/framework/base/CModel.php(159): CValidator->validate(Object(UserLogin), NULL)
#8 /var/www/Kulibin/protected/modules/user/controllers/LoginController.php(19): CModel->validate()
#9 /var/www/Yii/framework/web/actions/CInlineAction.php(49): LoginController->actionLogin()
#10 /var/www/Yii/framework/web/CController.php(308): CInlineAction->runWithParams(Array)
#11 /var/www/Yii/framework/web/CController.php(286): CController->runAction(Object(CInlineAction))
#12 /var/www/Yii/framework/web/CController.php(265): CController->runActionWithFilters(Object(CInlineAction), Array)
#13 /var/www/Yii/framework/web/CWebApplication.php(282): CController->run('')
#14 /var/www/Yii/framework/web/CWebApplication.php(141): CWebApplication->runController('user/login')
#15 /var/www/Yii/framework/base/CApplication.php(180): CWebApplication->processRequest()
#16 /var/www/Kulibin/index.php(13): CApplication->run()
#17 {main}
REQUEST_URI=/Kulibin/index.php/user/login
HTTP_REFERER=http://localhost/Kulibin/index.php/user/login
---
2014/12/16 21:05:43 [error] [exception.CException] exception 'CException' with message 'Alias "yiiadmin.YiiadminModule" is invalid. Make sure it points to an existing PHP file and the file is readable.' in /var/www/Yii/framework/YiiBase.php:322
Stack trace:
#0 /var/www/Yii/framework/YiiBase.php(196): YiiBase::import('yiiadmin.Yiiadm...', true)
#1 /var/www/Yii/framework/base/CModule.php(282): YiiBase::createComponent('yiiadmin.Yiiadm...', 'yiiadmin', NULL, Array)
#2 /var/www/Yii/framework/web/CWebApplication.php(337): CModule->getModule('yiiadmin')
#3 /var/www/Yii/framework/web/CWebApplication.php(276): CWebApplication->createController('yiiadmin')
#4 /var/www/Yii/framework/web/CWebApplication.php(141): CWebApplication->runController('yiiadmin')
#5 /var/www/Yii/framework/base/CApplication.php(180): CWebApplication->processRequest()
#6 /var/www/Kulibin/index.php(13): CApplication->run()
#7 {main}
REQUEST_URI=/Kulibin/index.php/yiiadmin
---
2014/12/16 21:07:41 [error] [exception.CException] exception 'CException' with message 'Alias "yiiadmin.YiiadminModule" is invalid. Make sure it points to an existing PHP file and the file is readable.' in /var/www/Yii/framework/YiiBase.php:322
Stack trace:
#0 /var/www/Yii/framework/YiiBase.php(196): YiiBase::import('yiiadmin.Yiiadm...', true)
#1 /var/www/Yii/framework/base/CModule.php(282): YiiBase::createComponent('yiiadmin.Yiiadm...', 'yiiadmin', NULL, Array)
#2 /var/www/Yii/framework/web/CWebApplication.php(337): CModule->getModule('yiiadmin')
#3 /var/www/Yii/framework/web/CWebApplication.php(276): CWebApplication->createController('yiiadmin')
#4 /var/www/Yii/framework/web/CWebApplication.php(141): CWebApplication->runController('yiiadmin')
#5 /var/www/Yii/framework/base/CApplication.php(180): CWebApplication->processRequest()
#6 /var/www/Kulibin/index.php(13): CApplication->run()
#7 {main}
REQUEST_URI=/Kulibin/index.php/yiiadmin
---
2014/12/16 21:07:44 [error] [exception.CException] exception 'CException' with message 'Alias "yiiadmin.YiiadminModule" is invalid. Make sure it points to an existing PHP file and the file is readable.' in /var/www/Yii/framework/YiiBase.php:322
Stack trace:
#0 /var/www/Yii/framework/YiiBase.php(196): YiiBase::import('yiiadmin.Yiiadm...', true)
#1 /var/www/Yii/framework/base/CModule.php(282): YiiBase::createComponent('yiiadmin.Yiiadm...', 'yiiadmin', NULL, Array)
#2 /var/www/Yii/framework/web/CWebApplication.php(337): CModule->getModule('yiiadmin')
#3 /var/www/Yii/framework/web/CWebApplication.php(276): CWebApplication->createController('yiiadmin')
#4 /var/www/Yii/framework/web/CWebApplication.php(141): CWebApplication->runController('yiiadmin')
#5 /var/www/Yii/framework/base/CApplication.php(180): CWebApplication->processRequest()
#6 /var/www/Kulibin/index.php(13): CApplication->run()
#7 {main}
REQUEST_URI=/Kulibin/index.php/yiiadmin
---
2014/12/16 21:07:45 [error] [exception.CException] exception 'CException' with message 'Alias "yiiadmin.YiiadminModule" is invalid. Make sure it points to an existing PHP file and the file is readable.' in /var/www/Yii/framework/YiiBase.php:322
Stack trace:
#0 /var/www/Yii/framework/YiiBase.php(196): YiiBase::import('yiiadmin.Yiiadm...', true)
#1 /var/www/Yii/framework/base/CModule.php(282): YiiBase::createComponent('yiiadmin.Yiiadm...', 'yiiadmin', NULL, Array)
#2 /var/www/Yii/framework/web/CWebApplication.php(337): CModule->getModule('yiiadmin')
#3 /var/www/Yii/framework/web/CWebApplication.php(276): CWebApplication->createController('yiiadmin')
#4 /var/www/Yii/framework/web/CWebApplication.php(141): CWebApplication->runController('yiiadmin')
#5 /var/www/Yii/framework/base/CApplication.php(180): CWebApplication->processRequest()
#6 /var/www/Kulibin/index.php(13): CApplication->run()
#7 {main}
REQUEST_URI=/Kulibin/index.php/yiiadmin
---
2014/12/16 21:07:45 [error] [exception.CException] exception 'CException' with message 'Alias "yiiadmin.YiiadminModule" is invalid. Make sure it points to an existing PHP file and the file is readable.' in /var/www/Yii/framework/YiiBase.php:322
Stack trace:
#0 /var/www/Yii/framework/YiiBase.php(196): YiiBase::import('yiiadmin.Yiiadm...', true)
#1 /var/www/Yii/framework/base/CModule.php(282): YiiBase::createComponent('yiiadmin.Yiiadm...', 'yiiadmin', NULL, Array)
#2 /var/www/Yii/framework/web/CWebApplication.php(337): CModule->getModule('yiiadmin')
#3 /var/www/Yii/framework/web/CWebApplication.php(276): CWebApplication->createController('yiiadmin')
#4 /var/www/Yii/framework/web/CWebApplication.php(141): CWebApplication->runController('yiiadmin')
#5 /var/www/Yii/framework/base/CApplication.php(180): CWebApplication->processRequest()
#6 /var/www/Kulibin/index.php(13): CApplication->run()
#7 {main}
REQUEST_URI=/Kulibin/index.php/yiiadmin
---
2014/12/16 21:07:45 [error] [exception.CException] exception 'CException' with message 'Alias "yiiadmin.YiiadminModule" is invalid. Make sure it points to an existing PHP file and the file is readable.' in /var/www/Yii/framework/YiiBase.php:322
Stack trace:
#0 /var/www/Yii/framework/YiiBase.php(196): YiiBase::import('yiiadmin.Yiiadm...', true)
#1 /var/www/Yii/framework/base/CModule.php(282): YiiBase::createComponent('yiiadmin.Yiiadm...', 'yiiadmin', NULL, Array)
#2 /var/www/Yii/framework/web/CWebApplication.php(337): CModule->getModule('yiiadmin')
#3 /var/www/Yii/framework/web/CWebApplication.php(276): CWebApplication->createController('yiiadmin')
#4 /var/www/Yii/framework/web/CWebApplication.php(141): CWebApplication->runController('yiiadmin')
#5 /var/www/Yii/framework/base/CApplication.php(180): CWebApplication->processRequest()
#6 /var/www/Kulibin/index.php(13): CApplication->run()
#7 {main}
REQUEST_URI=/Kulibin/index.php/yiiadmin
---
2014/12/16 21:08:42 [error] [exception.CException] exception 'CException' with message 'Alias "yiiadmin.YiiadminModule" is invalid. Make sure it points to an existing PHP file and the file is readable.' in /var/www/Yii/framework/YiiBase.php:322
Stack trace:
#0 /var/www/Yii/framework/YiiBase.php(196): YiiBase::import('yiiadmin.Yiiadm...', true)
#1 /var/www/Yii/framework/base/CModule.php(282): YiiBase::createComponent('yiiadmin.Yiiadm...', 'yiiadmin', NULL, Array)
#2 /var/www/Yii/framework/web/CWebApplication.php(337): CModule->getModule('yiiadmin')
#3 /var/www/Yii/framework/web/CWebApplication.php(276): CWebApplication->createController('yiiadmin')
#4 /var/www/Yii/framework/web/CWebApplication.php(141): CWebApplication->runController('yiiadmin')
#5 /var/www/Yii/framework/base/CApplication.php(180): CWebApplication->processRequest()
#6 /var/www/Kulibin/index.php(13): CApplication->run()
#7 {main}
REQUEST_URI=/Kulibin/index.php/yiiadmin
---
2014/12/16 21:08:43 [error] [exception.CException] exception 'CException' with message 'Alias "yiiadmin.YiiadminModule" is invalid. Make sure it points to an existing PHP file and the file is readable.' in /var/www/Yii/framework/YiiBase.php:322
Stack trace:
#0 /var/www/Yii/framework/YiiBase.php(196): YiiBase::import('yiiadmin.Yiiadm...', true)
#1 /var/www/Yii/framework/base/CModule.php(282): YiiBase::createComponent('yiiadmin.Yiiadm...', 'yiiadmin', NULL, Array)
#2 /var/www/Yii/framework/web/CWebApplication.php(337): CModule->getModule('yiiadmin')
#3 /var/www/Yii/framework/web/CWebApplication.php(276): CWebApplication->createController('yiiadmin')
#4 /var/www/Yii/framework/web/CWebApplication.php(141): CWebApplication->runController('yiiadmin')
#5 /var/www/Yii/framework/base/CApplication.php(180): CWebApplication->processRequest()
#6 /var/www/Kulibin/index.php(13): CApplication->run()
#7 {main}
REQUEST_URI=/Kulibin/index.php/yiiadmin
---
2014/12/16 21:13:29 [error] [exception.CException] exception 'CException' with message 'Alias "yiiadmin.YiiadminModule" is invalid. Make sure it points to an existing PHP file and the file is readable.' in /var/www/Yii/framework/YiiBase.php:322
Stack trace:
#0 /var/www/Yii/framework/YiiBase.php(196): YiiBase::import('yiiadmin.Yiiadm...', true)
#1 /var/www/Yii/framework/base/CModule.php(282): YiiBase::createComponent('yiiadmin.Yiiadm...', 'yiiadmin', NULL, Array)
#2 /var/www/Yii/framework/web/CWebApplication.php(337): CModule->getModule('yiiadmin')
#3 /var/www/Yii/framework/web/CWebApplication.php(276): CWebApplication->createController('yiiadmin')
#4 /var/www/Yii/framework/web/CWebApplication.php(141): CWebApplication->runController('yiiadmin')
#5 /var/www/Yii/framework/base/CApplication.php(180): CWebApplication->processRequest()
#6 /var/www/Kulibin/index.php(13): CApplication->run()
#7 {main}
REQUEST_URI=/Kulibin/index.php/yiiadmin
---
2014/12/16 21:15:05 [error] [php] include(/var/www/Kulibin/protected/models/Contests.php): failed to open stream: No such file or directory (/var/www/Yii/framework/YiiBase.php:401)
Stack trace:
#0 /var/www/Kulibin/protected/modules/yiiadmin/YiiadminModule.php(240): spl_autoload_call()
#1 /var/www/Kulibin/protected/modules/yiiadmin/views/default/index.php(9): YiiadminModule->getModelNamePlural()
#2 /var/www/Yii/framework/web/CBaseController.php(126): require()
#3 /var/www/Yii/framework/web/CBaseController.php(95): DefaultController->renderInternal()
#4 /var/www/Yii/framework/web/CController.php(869): DefaultController->renderFile()
#5 /var/www/Yii/framework/web/CController.php(782): DefaultController->renderPartial()
#6 /var/www/Kulibin/protected/modules/yiiadmin/controllers/DefaultController.php(16): DefaultController->render()
#7 /var/www/Yii/framework/web/actions/CInlineAction.php(49): DefaultController->actionIndex()
#8 /var/www/Yii/framework/web/CController.php(308): CInlineAction->runWithParams()
#9 /var/www/Yii/framework/web/CController.php(286): DefaultController->runAction()
#10 /var/www/Yii/framework/web/CController.php(265): DefaultController->runActionWithFilters()
#11 /var/www/Yii/framework/web/CWebApplication.php(282): DefaultController->run()
#12 /var/www/Yii/framework/web/CWebApplication.php(141): CWebApplication->runController()
#13 /var/www/Yii/framework/base/CApplication.php(180): CWebApplication->processRequest()
#14 /var/www/Kulibin/index.php(13): CWebApplication->run()
REQUEST_URI=/Kulibin/index.php/yiiadmin
in /var/www/Kulibin/protected/modules/yiiadmin/YiiadminModule.php (240)
in /var/www/Kulibin/protected/modules/yiiadmin/views/default/index.php (9)
in /var/www/Kulibin/protected/modules/yiiadmin/controllers/DefaultController.php (16)
2014/12/16 21:17:28 [error] [php] include(/var/www/Kulibin/protected/models/BlogPosts.php): failed to open stream: No such file or directory (/var/www/Yii/framework/YiiBase.php:401)
Stack trace:
#0 /var/www/Kulibin/protected/modules/yiiadmin/YiiadminModule.php(240): spl_autoload_call()
#1 /var/www/Kulibin/protected/modules/yiiadmin/views/default/index.php(9): YiiadminModule->getModelNamePlural()
#2 /var/www/Yii/framework/web/CBaseController.php(126): require()
#3 /var/www/Yii/framework/web/CBaseController.php(95): DefaultController->renderInternal()
#4 /var/www/Yii/framework/web/CController.php(869): DefaultController->renderFile()
#5 /var/www/Yii/framework/web/CController.php(782): DefaultController->renderPartial()
#6 /var/www/Kulibin/protected/modules/yiiadmin/controllers/DefaultController.php(16): DefaultController->render()
#7 /var/www/Yii/framework/web/actions/CInlineAction.php(49): DefaultController->actionIndex()
#8 /var/www/Yii/framework/web/CController.php(308): CInlineAction->runWithParams()
#9 /var/www/Yii/framework/web/CController.php(286): DefaultController->runAction()
#10 /var/www/Yii/framework/web/CController.php(265): DefaultController->runActionWithFilters()
#11 /var/www/Yii/framework/web/CWebApplication.php(282): DefaultController->run()
#12 /var/www/Yii/framework/web/CWebApplication.php(141): CWebApplication->runController()
#13 /var/www/Yii/framework/base/CApplication.php(180): CWebApplication->processRequest()
#14 /var/www/Kulibin/index.php(13): CWebApplication->run()
REQUEST_URI=/Kulibin/index.php/yiiadmin
in /var/www/Kulibin/protected/modules/yiiadmin/YiiadminModule.php (240)
in /var/www/Kulibin/protected/modules/yiiadmin/views/default/index.php (9)
in /var/www/Kulibin/protected/modules/yiiadmin/controllers/DefaultController.php (16)
2014/12/16 21:17:58 [error] [exception.CException] exception 'CException' with message 'LoginForm and its behaviors do not have a method or closure named "search".' in /var/www/Yii/framework/base/CComponent.php:266
Stack trace:
#0 /var/www/Kulibin/protected/modules/yiiadmin/controllers/ManageModelController.php(50): CComponent->__call('search', Array)
#1 /var/www/Kulibin/protected/modules/yiiadmin/controllers/ManageModelController.php(50): LoginForm->search()
#2 /var/www/Yii/framework/web/actions/CInlineAction.php(49): ManageModelController->actionList()
#3 /var/www/Yii/framework/web/CController.php(308): CInlineAction->runWithParams(Array)
#4 /var/www/Yii/framework/web/CController.php(286): CController->runAction(Object(CInlineAction))
#5 /var/www/Yii/framework/web/CController.php(265): CController->runActionWithFilters(Object(CInlineAction), Array)
#6 /var/www/Yii/framework/web/CWebApplication.php(282): CController->run('list')
#7 /var/www/Yii/framework/web/CWebApplication.php(141): CWebApplication->runController('yiiadmin/manage...')
#8 /var/www/Yii/framework/base/CApplication.php(180): CWebApplication->processRequest()
#9 /var/www/Kulibin/index.php(13): CApplication->run()
#10 {main}
REQUEST_URI=/Kulibin/index.php/yiiadmin/manageModel/list/model_name/LoginForm
HTTP_REFERER=http://localhost/Kulibin/index.php/yiiadmin
---
2014/12/16 21:18:05 [error] [exception.CException] exception 'CException' with message 'ContactForm and its behaviors do not have a method or closure named "search".' in /var/www/Yii/framework/base/CComponent.php:266
Stack trace:
#0 /var/www/Kulibin/protected/modules/yiiadmin/controllers/ManageModelController.php(50): CComponent->__call('search', Array)
#1 /var/www/Kulibin/protected/modules/yiiadmin/controllers/ManageModelController.php(50): ContactForm->search()
#2 /var/www/Yii/framework/web/actions/CInlineAction.php(49): ManageModelController->actionList()
#3 /var/www/Yii/framework/web/CController.php(308): CInlineAction->runWithParams(Array)
#4 /var/www/Yii/framework/web/CController.php(286): CController->runAction(Object(CInlineAction))
#5 /var/www/Yii/framework/web/CController.php(265): CController->runActionWithFilters(Object(CInlineAction), Array)
#6 /var/www/Yii/framework/web/CWebApplication.php(282): CController->run('list')
#7 /var/www/Yii/framework/web/CWebApplication.php(141): CWebApplication->runController('yiiadmin/manage...')
#8 /var/www/Yii/framework/base/CApplication.php(180): CWebApplication->processRequest()
#9 /var/www/Kulibin/index.php(13): CApplication->run()
#10 {main}
REQUEST_URI=/Kulibin/index.php/yiiadmin/manageModel/list/model_name/ContactForm
HTTP_REFERER=http://localhost/Kulibin/index.php/yiiadmin
---
2014/12/16 21:18:07 [error] [exception.CException] exception 'CException' with message 'Property "LoginForm.tableSchema" is not defined.' in /var/www/Yii/framework/base/CComponent.php:130
Stack trace:
#0 /var/www/Kulibin/protected/modules/yiiadmin/views/manageModel/create.php(35): CComponent->__get('tableSchema')
#1 /var/www/Yii/framework/web/CBaseController.php(126): require('/var/www/Kulibi...')
#2 /var/www/Yii/framework/web/CBaseController.php(95): CBaseController->renderInternal('/var/www/Kulibi...', Array, true)
#3 /var/www/Yii/framework/web/CController.php(869): CBaseController->renderFile('/var/www/Kulibi...', Array, true)
#4 /var/www/Yii/framework/web/CController.php(782): CController->renderPartial('create', Array, true)
#5 /var/www/Kulibin/protected/modules/yiiadmin/controllers/ManageModelController.php(130): CController->render('create', Array)
#6 /var/www/Yii/framework/web/actions/CInlineAction.php(49): ManageModelController->actionCreate()
#7 /var/www/Yii/framework/web/CController.php(308): CInlineAction->runWithParams(Array)
#8 /var/www/Yii/framework/web/CController.php(286): CController->runAction(Object(CInlineAction))
#9 /var/www/Yii/framework/web/CController.php(265): CController->runActionWithFilters(Object(CInlineAction), Array)
#10 /var/www/Yii/framework/web/CWebApplication.php(282): CController->run('create')
#11 /var/www/Yii/framework/web/CWebApplication.php(141): CWebApplication->runController('yiiadmin/manage...')
#12 /var/www/Yii/framework/base/CApplication.php(180): CWebApplication->processRequest()
#13 /var/www/Kulibin/index.php(13): CApplication->run()
#14 {main}
REQUEST_URI=/Kulibin/index.php/yiiadmin/manageModel/create/model_name/LoginForm
HTTP_REFERER=http://localhost/Kulibin/index.php/yiiadmin
---
2014/12/16 21:18:13 [error] [exception.CException] exception 'CException' with message 'LoginForm and its behaviors do not have a method or closure named "search".' in /var/www/Yii/framework/base/CComponent.php:266
Stack trace:
#0 /var/www/Kulibin/protected/modules/yiiadmin/controllers/ManageModelController.php(50): CComponent->__call('search', Array)
#1 /var/www/Kulibin/protected/modules/yiiadmin/controllers/ManageModelController.php(50): LoginForm->search()
#2 /var/www/Yii/framework/web/actions/CInlineAction.php(49): ManageModelController->actionList()
#3 /var/www/Yii/framework/web/CController.php(308): CInlineAction->runWithParams(Array)
#4 /var/www/Yii/framework/web/CController.php(286): CController->runAction(Object(CInlineAction))
#5 /var/www/Yii/framework/web/CController.php(265): CController->runActionWithFilters(Object(CInlineAction), Array)
#6 /var/www/Yii/framework/web/CWebApplication.php(282): CController->run('list')
#7 /var/www/Yii/framework/web/CWebApplication.php(141): CWebApplication->runController('yiiadmin/manage...')
#8 /var/www/Yii/framework/base/CApplication.php(180): CWebApplication->processRequest()
#9 /var/www/Kulibin/index.php(13): CApplication->run()
#10 {main}
REQUEST_URI=/Kulibin/index.php/yiiadmin/manageModel/list/model_name/LoginForm
HTTP_REFERER=http://localhost/Kulibin/index.php/yiiadmin
---
2014/12/16 22:14:06 [error] [exception.CHttpException.404] exception 'CHttpException' with message 'Unable to resolve the request "r=gii".' in /var/www/Yii/framework/web/CWebApplication.php:286
Stack trace:
#0 /var/www/Yii/framework/web/CWebApplication.php(141): CWebApplication->runController('r=gii')
#1 /var/www/Yii/framework/base/CApplication.php(180): CWebApplication->processRequest()
#2 /var/www/Kulibin/index.php(13): CApplication->run()
#3 {main}
REQUEST_URI=/Kulibin/index.php/r=gii
---
